<?xml version="1.0" encoding="UTF-8"?>
<testng-results ignored="0" total="0" passed="0" failed="0" skipped="0">
  <reporter-output>
  </reporter-output>
  <suite started-at="2023-12-23T00:44:08 GMT+08:00" name="Command line suite" finished-at="2023-12-23T00:44:08 GMT+08:00" duration-ms="8">
    <groups>
    </groups>
    <test started-at="2023-12-23T00:44:08 GMT+08:00" name="Command line test" finished-at="2023-12-23T00:44:08 GMT+08:00" duration-ms="8">
    </test> <!-- Command line test -->
  </suite> <!-- Command line suite -->
</testng-results>
